<?xml version="1.0" encoding="UTF-8"?>
<!-- Generated by org.testng.reporters.JUnitReportReporter -->
<testsuite hostname="10-MUM-7134" failures="0" tests="1" name="LoginPage" time="0.235" errors="0" timestamp="2020-11-24T18:44:57 IST" skipped="0">
  <testcase classname="LoginPage" name="TC_1" time="0.235"/>
  <system-out/>
</testsuite> <!-- LoginPage -->
